{
  "stats": {
    "suites": 3,
    "tests": 17,
    "passes": 17,
    "pending": 0,
    "failures": 0,
    "start": "2018-05-18T02:58:04.062Z",
    "end": "2018-05-18T02:59:22.532Z",
    "duration": 78470,
    "testsRegistered": 17,
    "passPercent": 100,
    "pendingPercent": 0,
    "other": 0,
    "hasOther": false,
    "skipped": 0,
    "hasSkipped": false,
    "passPercentClass": "success",
    "pendingPercentClass": "danger"
  },
  "suites": {
    "uuid": "4f3523f9-bb9d-4092-a9fe-7b67b30ac841",
    "title": "",
    "fullFile": "",
    "file": "",
    "beforeHooks": [],
    "afterHooks": [],
    "tests": [],
    "suites": [
      {
        "uuid": "9ddcd0e6-1094-48ec-b6bf-dba5fde7aa40",
        "title": "Corresponding images should appear on the slider on the screen",
        "fullFile": "C:\\All-Data\\workspaces\\javascript_workspace\\walmart-labs\\test\\item-page-test.js",
        "file": "\\test\\item-page-test.js",
        "beforeHooks": [
          {
            "title": "\"before all\" hook: ret",
            "fullTitle": "Corresponding images should appear on the slider on the screen \"before all\" hook: ret",
            "timedOut": false,
            "duration": 21025,
            "pass": false,
            "fail": false,
            "pending": false,
            "code": "itemPage = new ItemPage();\n \n //Launch the website based on the language in the config file\n itemPage.loadPage(itemPage.goToUrl());\n itemPage.enterSearchText();\n itemPage.clickSearch();\n itemPage.clickItem();",
            "err": {},
            "isRoot": false,
            "uuid": "1d65fc72-f271-4b3f-a9ad-be6ba31887a5",
            "isHook": true,
            "skipped": false
          }
        ],
        "afterHooks": [
          {
            "title": "\"after all\" hook: ret",
            "fullTitle": "Corresponding images should appear on the slider on the screen \"after all\" hook: ret",
            "timedOut": false,
            "duration": 130,
            "pass": false,
            "fail": false,
            "pending": false,
            "code": "itemPage.quit();",
            "err": {},
            "isRoot": false,
            "uuid": "628e27d2-a8b2-4e43-b89f-f87dd84fe3ee",
            "isHook": true,
            "skipped": false
          }
        ],
        "tests": [
          {
            "title": "Click each image in the carousel and verify them on the slider",
            "fullTitle": "Corresponding images should appear on the slider on the screen Click each image in the carousel and verify them on the slider",
            "timedOut": false,
            "duration": 2,
            "state": "passed",
            "speed": "fast",
            "pass": true,
            "fail": false,
            "pending": false,
            "code": "console.log('Click each image in the carousel and verify them on the slider');",
            "err": {},
            "isRoot": false,
            "uuid": "356d7f33-e3fa-449d-b2c6-2db661bb05f3",
            "isHook": false,
            "skipped": false
          },
          {
            "title": "Click on the up and down arrow and verify all the images are viewed one by one",
            "fullTitle": "Corresponding images should appear on the slider on the screen Click on the up and down arrow and verify all the images are viewed one by one",
            "timedOut": false,
            "duration": 0,
            "state": "passed",
            "speed": "fast",
            "pass": true,
            "fail": false,
            "pending": false,
            "code": "console.log('Click on the up and down arrow and verify all the images are viewed one by one');",
            "err": {},
            "isRoot": false,
            "uuid": "0b9cfde8-a8c2-4771-a00e-09fef7f81447",
            "isHook": false,
            "skipped": false
          },
          {
            "title": "Verify Zoom  button",
            "fullTitle": "Corresponding images should appear on the slider on the screen Verify Zoom  button",
            "timedOut": false,
            "duration": 6471,
            "state": "passed",
            "speed": "slow",
            "pass": true,
            "fail": false,
            "pending": false,
            "code": "itemPage.clickZoomButton();\nfor(i=0; i<5; i++){\n    itemPage.clickZoomNextButton();\n    itemPage.pause(1000);\n}",
            "err": {},
            "isRoot": false,
            "uuid": "f36ce928-b4fe-442c-9aa2-7f101321a237",
            "isHook": false,
            "skipped": false
          }
        ],
        "suites": [],
        "passes": [
          "356d7f33-e3fa-449d-b2c6-2db661bb05f3",
          "0b9cfde8-a8c2-4771-a00e-09fef7f81447",
          "f36ce928-b4fe-442c-9aa2-7f101321a237"
        ],
        "failures": [],
        "pending": [],
        "skipped": [],
        "duration": 6473,
        "root": false,
        "rootEmpty": false,
        "_timeout": 50000
      },
      {
        "uuid": "67f766ca-d6e5-4c11-af2c-702572861f32",
        "title": "View My Review for product dialog and write a review",
        "fullFile": "C:\\All-Data\\workspaces\\javascript_workspace\\walmart-labs\\test\\item-page-test.js",
        "file": "\\test\\item-page-test.js",
        "beforeHooks": [
          {
            "title": "\"before all\" hook: ret",
            "fullTitle": "View My Review for product dialog and write a review \"before all\" hook: ret",
            "timedOut": false,
            "duration": 23564,
            "pass": false,
            "fail": false,
            "pending": false,
            "code": "itemPage = new ItemPage();\n //Launch the website based on the language in the config file\n itemPage.loadPage(itemPage.goToUrl());\n itemPage.enterSearchText();\n itemPage.clickSearch();\n itemPage.clickItem();",
            "err": {},
            "isRoot": false,
            "uuid": "6f03aa4a-2662-412c-bfff-5c0aea2457e1",
            "isHook": true,
            "skipped": false
          }
        ],
        "afterHooks": [
          {
            "title": "\"after all\" hook: ret",
            "fullTitle": "View My Review for product dialog and write a review \"after all\" hook: ret",
            "timedOut": false,
            "duration": 118,
            "pass": false,
            "fail": false,
            "pending": false,
            "code": "itemPage.quit();",
            "err": {},
            "isRoot": false,
            "uuid": "4993f8ac-e49a-4864-bc8c-65e05d89bd91",
            "isHook": true,
            "skipped": false
          }
        ],
        "tests": [
          {
            "title": "Verify Error Message on Nickname field",
            "fullTitle": "View My Review for product dialog and write a review Verify Error Message on Nickname field",
            "timedOut": false,
            "duration": 3897,
            "state": "passed",
            "speed": "slow",
            "pass": true,
            "fail": false,
            "pending": false,
            "code": "itemPage.clickWriteReviewButton();\nitemPage.clickPostReviewButton();\nvar error_actual = itemPage.getNicknameErrorActual();\nvar error_expected = itemPage.getNicknameErrorExpected();\nerror_actual.should.eventually.equal(error_expected);",
            "err": {},
            "isRoot": false,
            "uuid": "0756395a-bfd5-454a-86f8-f198947602ad",
            "isHook": false,
            "skipped": false
          },
          {
            "title": "Verify Error Message on Email field",
            "fullTitle": "View My Review for product dialog and write a review Verify Error Message on Email field",
            "timedOut": false,
            "duration": 1,
            "state": "passed",
            "speed": "fast",
            "pass": true,
            "fail": false,
            "pending": false,
            "code": "console.log(\"Code for Verify Error Message on Email field\");",
            "err": {},
            "isRoot": false,
            "uuid": "91a95af3-c19c-4dde-9c28-a57454025888",
            "isHook": false,
            "skipped": false
          },
          {
            "title": "Verify Text color on Staff Context Label on error",
            "fullTitle": "View My Review for product dialog and write a review Verify Text color on Staff Context Label on error",
            "timedOut": false,
            "duration": 1,
            "state": "passed",
            "speed": "fast",
            "pass": true,
            "fail": false,
            "pending": false,
            "code": "console.log(\"Code for Verify Text color on Staff Context Label on error\");",
            "err": {},
            "isRoot": false,
            "uuid": "a89494ff-b2ad-4c64-ada1-142263623e31",
            "isHook": false,
            "skipped": false
          },
          {
            "title": "Verify Text color Terms and Conditions label on error",
            "fullTitle": "View My Review for product dialog and write a review Verify Text color Terms and Conditions label on error",
            "timedOut": false,
            "duration": 0,
            "state": "passed",
            "speed": "fast",
            "pass": true,
            "fail": false,
            "pending": false,
            "code": "console.log(\"Code for Verify Text color Terms and Conditions label on error\");",
            "err": {},
            "isRoot": false,
            "uuid": "b6048754-4ac0-44d0-8267-b68bc999b4ac",
            "isHook": false,
            "skipped": false
          },
          {
            "title": "Verify invalid email id error message on email field",
            "fullTitle": "View My Review for product dialog and write a review Verify invalid email id error message on email field",
            "timedOut": false,
            "duration": 1,
            "state": "passed",
            "speed": "fast",
            "pass": true,
            "fail": false,
            "pending": false,
            "code": "console.log(\"Code for Verify invalid email id error message on email field\");",
            "err": {},
            "isRoot": false,
            "uuid": "09cd9ebe-43af-41ac-afdb-b7cbc5ba4fcc",
            "isHook": false,
            "skipped": false
          },
          {
            "title": "Verify 3 characters too short error message on nickname field",
            "fullTitle": "View My Review for product dialog and write a review Verify 3 characters too short error message on nickname field",
            "timedOut": false,
            "duration": 1,
            "state": "passed",
            "speed": "fast",
            "pass": true,
            "fail": false,
            "pending": false,
            "code": "console.log(\"Code for Verify 3 characters too short error message on nickname field\");",
            "err": {},
            "isRoot": false,
            "uuid": "0dbcd9de-dca2-493c-bb2d-fcdfa8e5bb6b",
            "isHook": false,
            "skipped": false
          },
          {
            "title": "Enter all mandatory fields on My Review dialog and post review",
            "fullTitle": "View My Review for product dialog and write a review Enter all mandatory fields on My Review dialog and post review",
            "timedOut": false,
            "duration": 2,
            "state": "passed",
            "speed": "fast",
            "pass": true,
            "fail": false,
            "pending": false,
            "code": "console.log(\"Code for Enter all mandatory fields on My Review dialog and post review\");",
            "err": {},
            "isRoot": false,
            "uuid": "b0ef53c2-894c-4ccf-afb7-76354d8908eb",
            "isHook": false,
            "skipped": false
          }
        ],
        "suites": [],
        "passes": [
          "0756395a-bfd5-454a-86f8-f198947602ad",
          "91a95af3-c19c-4dde-9c28-a57454025888",
          "a89494ff-b2ad-4c64-ada1-142263623e31",
          "b6048754-4ac0-44d0-8267-b68bc999b4ac",
          "09cd9ebe-43af-41ac-afdb-b7cbc5ba4fcc",
          "0dbcd9de-dca2-493c-bb2d-fcdfa8e5bb6b",
          "b0ef53c2-894c-4ccf-afb7-76354d8908eb"
        ],
        "failures": [],
        "pending": [],
        "skipped": [],
        "duration": 3903,
        "root": false,
        "rootEmpty": false,
        "_timeout": 50000
      },
      {
        "uuid": "a5a8dd88-8531-42c6-b873-3d10ee20ee79",
        "title": "Clicking on Add to Cart button, then Successfully updated your cart dialog appears",
        "fullFile": "C:\\All-Data\\workspaces\\javascript_workspace\\walmart-labs\\test\\item-page-test.js",
        "file": "\\test\\item-page-test.js",
        "beforeHooks": [
          {
            "title": "\"before all\" hook: ret",
            "fullTitle": "Clicking on Add to Cart button, then Successfully updated your cart dialog appears \"before all\" hook: ret",
            "timedOut": false,
            "duration": 21344,
            "pass": false,
            "fail": false,
            "pending": false,
            "code": "itemPage = new ItemPage();\n //Launch the website based on the language in the config file\n itemPage.loadPage(itemPage.goToUrl());\n itemPage.enterSearchText();\n itemPage.clickSearch();\n itemPage.clickItem();",
            "err": {},
            "isRoot": false,
            "uuid": "89d1155d-64d1-41b2-b957-2f3324d17192",
            "isHook": true,
            "skipped": false
          }
        ],
        "afterHooks": [
          {
            "title": "\"after all\" hook: ret",
            "fullTitle": "Clicking on Add to Cart button, then Successfully updated your cart dialog appears \"after all\" hook: ret",
            "timedOut": false,
            "duration": 106,
            "pass": false,
            "fail": false,
            "pending": false,
            "code": "itemPage.quit();",
            "err": {},
            "isRoot": false,
            "uuid": "b905dac8-7882-4914-8644-cb904c851677",
            "isHook": true,
            "skipped": false
          }
        ],
        "tests": [
          {
            "title": "Verify that the number of items added are shown in the Shopping cart",
            "fullTitle": "Clicking on Add to Cart button, then Successfully updated your cart dialog appears Verify that the number of items added are shown in the Shopping cart",
            "timedOut": false,
            "duration": 1749,
            "state": "passed",
            "speed": "slow",
            "pass": true,
            "fail": false,
            "pending": false,
            "code": "itemPage.clickAddToCartButton();\nitemPage.clickAddToCartCloseButton();\nvar shopping_cart_count = itemPage.getShoppingCartCount();\nshopping_cart_count.should.eventually.equal('1');",
            "err": {},
            "isRoot": false,
            "uuid": "12fee6a2-c4cd-437e-8440-34737b10a189",
            "isHook": false,
            "skipped": false
          },
          {
            "title": "Verify that the dialog appears with Checkout and Continue Shopping buttons",
            "fullTitle": "Clicking on Add to Cart button, then Successfully updated your cart dialog appears Verify that the dialog appears with Checkout and Continue Shopping buttons",
            "timedOut": false,
            "duration": 2,
            "state": "passed",
            "speed": "fast",
            "pass": true,
            "fail": false,
            "pending": false,
            "code": "console.log(\"Verify that the dialog appears with Checkout and Continue Shopping buttons\");",
            "err": {},
            "isRoot": false,
            "uuid": "969a0227-e641-4511-8ff2-d24f4372db75",
            "isHook": false,
            "skipped": false
          },
          {
            "title": "Verify that two more suggestions are provided in the dialog",
            "fullTitle": "Clicking on Add to Cart button, then Successfully updated your cart dialog appears Verify that two more suggestions are provided in the dialog",
            "timedOut": false,
            "duration": 1,
            "state": "passed",
            "speed": "fast",
            "pass": true,
            "fail": false,
            "pending": false,
            "code": "console.log(\"Verify that two more suggestions are provided in the dialog\");",
            "err": {},
            "isRoot": false,
            "uuid": "39378506-bf82-49ed-bfd6-37de3b21b10c",
            "isHook": false,
            "skipped": false
          },
          {
            "title": "Click on Close button and the dialog closes landing the customer back to the Product page",
            "fullTitle": "Clicking on Add to Cart button, then Successfully updated your cart dialog appears Click on Close button and the dialog closes landing the customer back to the Product page",
            "timedOut": false,
            "duration": 3,
            "state": "passed",
            "speed": "fast",
            "pass": true,
            "fail": false,
            "pending": false,
            "code": "console.log(\"Click on Close button and the dialog closes landing the customer back to the Product page\");",
            "err": {},
            "isRoot": false,
            "uuid": "da8edf2e-5f52-4cba-9d76-f52a7d17cfac",
            "isHook": false,
            "skipped": false
          },
          {
            "title": "Verify that an offer appears on the top of the dialog page",
            "fullTitle": "Clicking on Add to Cart button, then Successfully updated your cart dialog appears Verify that an offer appears on the top of the dialog page",
            "timedOut": false,
            "duration": 2,
            "state": "passed",
            "speed": "fast",
            "pass": true,
            "fail": false,
            "pending": false,
            "code": "console.log(\"e.\tVerify that an offer appears on the top of the dialog page\");",
            "err": {},
            "isRoot": false,
            "uuid": "1d310381-00c8-422a-995c-deff503b32dc",
            "isHook": false,
            "skipped": false
          },
          {
            "title": "Clicking on “Continue Shopping” button lands the customer back to the Product page",
            "fullTitle": "Clicking on Add to Cart button, then Successfully updated your cart dialog appears Clicking on “Continue Shopping” button lands the customer back to the Product page",
            "timedOut": false,
            "duration": 2,
            "state": "passed",
            "speed": "fast",
            "pass": true,
            "fail": false,
            "pending": false,
            "code": "console.log(\"Clicking on “Continue Shopping” button lands the customer back to the Product page\");",
            "err": {},
            "isRoot": false,
            "uuid": "02329e04-e79d-4cec-b09c-df271ad6b67e",
            "isHook": false,
            "skipped": false
          },
          {
            "title": "Verify that the number of items added are shown in the Shopping cart",
            "fullTitle": "Clicking on Add to Cart button, then Successfully updated your cart dialog appears Verify that the number of items added are shown in the Shopping cart",
            "timedOut": false,
            "duration": 3,
            "state": "passed",
            "speed": "fast",
            "pass": true,
            "fail": false,
            "pending": false,
            "code": "console.log(\"Verify that the number of items added are shown in the Shopping cart\");",
            "err": {},
            "isRoot": false,
            "uuid": "a6009d3f-d291-43bb-a27c-ca34ec050643",
            "isHook": false,
            "skipped": false
          }
        ],
        "suites": [],
        "passes": [
          "12fee6a2-c4cd-437e-8440-34737b10a189",
          "969a0227-e641-4511-8ff2-d24f4372db75",
          "39378506-bf82-49ed-bfd6-37de3b21b10c",
          "da8edf2e-5f52-4cba-9d76-f52a7d17cfac",
          "1d310381-00c8-422a-995c-deff503b32dc",
          "02329e04-e79d-4cec-b09c-df271ad6b67e",
          "a6009d3f-d291-43bb-a27c-ca34ec050643"
        ],
        "failures": [],
        "pending": [],
        "skipped": [],
        "duration": 1762,
        "root": false,
        "rootEmpty": false,
        "_timeout": 50000
      }
    ],
    "passes": [],
    "failures": [],
    "pending": [],
    "skipped": [],
    "duration": 0,
    "root": true,
    "rootEmpty": true,
    "_timeout": 2000
  },
  "copyrightYear": 2018
}