{
  "stats": {
    "suites": 3,
    "tests": 17,
    "passes": 17,
    "pending": 0,
    "failures": 0,
    "start": "2018-05-18T03:24:36.395Z",
    "end": "2018-05-18T03:26:27.754Z",
    "duration": 111359,
    "testsRegistered": 17,
    "passPercent": 100,
    "pendingPercent": 0,
    "other": 0,
    "hasOther": false,
    "skipped": 0,
    "hasSkipped": false,
    "passPercentClass": "success",
    "pendingPercentClass": "danger"
  },
  "suites": {
    "uuid": "4995bbaf-d53c-4c88-9720-a090edeeb589",
    "title": "",
    "fullFile": "",
    "file": "",
    "beforeHooks": [],
    "afterHooks": [],
    "tests": [],
    "suites": [
      {
        "uuid": "16cf876b-5875-4e92-a6a0-b6fa2c6e512b",
        "title": "Corresponding images should appear on the slider on the screen",
        "fullFile": "C:\\All-Data\\workspaces\\javascript_workspace\\walmart-labs\\test\\item-page-test.js",
        "file": "\\test\\item-page-test.js",
        "beforeHooks": [
          {
            "title": "\"before all\" hook: ret",
            "fullTitle": "Corresponding images should appear on the slider on the screen \"before all\" hook: ret",
            "timedOut": false,
            "duration": 28571,
            "pass": false,
            "fail": false,
            "pending": false,
            "code": "itemPage = new ItemPage();\n \n //Launch the website based on the language in the config file\n itemPage.loadPage(itemPage.goToUrl());\n itemPage.enterSearchText();\n itemPage.clickSearch();\n itemPage.clickItem();",
            "err": {},
            "isRoot": false,
            "uuid": "d3a951bd-b852-4c79-a581-45da8a17a826",
            "isHook": true,
            "skipped": false
          }
        ],
        "afterHooks": [
          {
            "title": "\"after all\" hook: ret",
            "fullTitle": "Corresponding images should appear on the slider on the screen \"after all\" hook: ret",
            "timedOut": false,
            "duration": 2078,
            "pass": false,
            "fail": false,
            "pending": false,
            "code": "itemPage.quit();",
            "err": {},
            "isRoot": false,
            "uuid": "4ee1e4a8-a26e-40c7-bc16-f9fbf3f880bb",
            "isHook": true,
            "skipped": false
          }
        ],
        "tests": [
          {
            "title": "Click each image in the carousel and verify them on the slider",
            "fullTitle": "Corresponding images should appear on the slider on the screen Click each image in the carousel and verify them on the slider",
            "timedOut": false,
            "duration": 3,
            "state": "passed",
            "speed": "fast",
            "pass": true,
            "fail": false,
            "pending": false,
            "code": "console.log('Click each image in the carousel and verify them on the slider');",
            "err": {},
            "isRoot": false,
            "uuid": "d478b421-e796-479a-b3fd-18d602d01b3d",
            "isHook": false,
            "skipped": false
          },
          {
            "title": "Click on the up and down arrow and verify all the images are viewed one by one",
            "fullTitle": "Corresponding images should appear on the slider on the screen Click on the up and down arrow and verify all the images are viewed one by one",
            "timedOut": false,
            "duration": 1,
            "state": "passed",
            "speed": "fast",
            "pass": true,
            "fail": false,
            "pending": false,
            "code": "console.log('Click on the up and down arrow and verify all the images are viewed one by one');",
            "err": {},
            "isRoot": false,
            "uuid": "3e6b6075-8e60-411d-bfb9-21c5f1eec2c4",
            "isHook": false,
            "skipped": false
          },
          {
            "title": "Verify Zoom  button",
            "fullTitle": "Corresponding images should appear on the slider on the screen Verify Zoom  button",
            "timedOut": false,
            "duration": 8071,
            "state": "passed",
            "speed": "slow",
            "pass": true,
            "fail": false,
            "pending": false,
            "code": "itemPage.clickZoomButton();\nfor(i=0; i<5; i++){\n    itemPage.clickZoomNextButton();\n    itemPage.pause(1000);\n}",
            "err": {},
            "isRoot": false,
            "uuid": "9233d15c-f963-4c83-8112-0f05851f6e20",
            "isHook": false,
            "skipped": false
          }
        ],
        "suites": [],
        "passes": [
          "d478b421-e796-479a-b3fd-18d602d01b3d",
          "3e6b6075-8e60-411d-bfb9-21c5f1eec2c4",
          "9233d15c-f963-4c83-8112-0f05851f6e20"
        ],
        "failures": [],
        "pending": [],
        "skipped": [],
        "duration": 8075,
        "root": false,
        "rootEmpty": false,
        "_timeout": 50000
      },
      {
        "uuid": "7b730662-c6a3-4c47-aa23-4b8c27f9de7e",
        "title": "View My Review for product dialog and write a review",
        "fullFile": "C:\\All-Data\\workspaces\\javascript_workspace\\walmart-labs\\test\\item-page-test.js",
        "file": "\\test\\item-page-test.js",
        "beforeHooks": [
          {
            "title": "\"before all\" hook: ret",
            "fullTitle": "View My Review for product dialog and write a review \"before all\" hook: ret",
            "timedOut": false,
            "duration": 34055,
            "pass": false,
            "fail": false,
            "pending": false,
            "code": "itemPage = new ItemPage();\n //Launch the website based on the language in the config file\n itemPage.loadPage(itemPage.goToUrl());\n itemPage.enterSearchText();\n itemPage.clickSearch();\n itemPage.clickItem();",
            "err": {},
            "isRoot": false,
            "uuid": "32247db9-7c2e-4457-a2cf-dda81385390c",
            "isHook": true,
            "skipped": false
          }
        ],
        "afterHooks": [
          {
            "title": "\"after all\" hook: ret",
            "fullTitle": "View My Review for product dialog and write a review \"after all\" hook: ret",
            "timedOut": false,
            "duration": 2329,
            "pass": false,
            "fail": false,
            "pending": false,
            "code": "itemPage.quit();",
            "err": {},
            "isRoot": false,
            "uuid": "9de46884-7902-41d6-88b8-c48ff2b1218d",
            "isHook": true,
            "skipped": false
          }
        ],
        "tests": [
          {
            "title": "Verify Error Message on Nickname field",
            "fullTitle": "View My Review for product dialog and write a review Verify Error Message on Nickname field",
            "timedOut": false,
            "duration": 2376,
            "state": "passed",
            "speed": "slow",
            "pass": true,
            "fail": false,
            "pending": false,
            "code": "itemPage.clickWriteReviewButton();\nitemPage.clickPostReviewButton();\nvar error_actual = itemPage.getNicknameErrorActual();\nvar error_expected = itemPage.getNicknameErrorExpected();\nerror_actual.should.eventually.equal(error_expected);",
            "err": {},
            "isRoot": false,
            "uuid": "da221eb5-7609-4a08-a532-b7754f586366",
            "isHook": false,
            "skipped": false
          },
          {
            "title": "Verify Error Message on Email field",
            "fullTitle": "View My Review for product dialog and write a review Verify Error Message on Email field",
            "timedOut": false,
            "duration": 0,
            "state": "passed",
            "speed": "fast",
            "pass": true,
            "fail": false,
            "pending": false,
            "code": "console.log(\"Code for Verify Error Message on Email field\");",
            "err": {},
            "isRoot": false,
            "uuid": "4d1dec64-9881-4d40-ae5f-2bd2e9c4d8e5",
            "isHook": false,
            "skipped": false
          },
          {
            "title": "Verify Text color on Staff Context Label on error",
            "fullTitle": "View My Review for product dialog and write a review Verify Text color on Staff Context Label on error",
            "timedOut": false,
            "duration": 0,
            "state": "passed",
            "speed": "fast",
            "pass": true,
            "fail": false,
            "pending": false,
            "code": "console.log(\"Code for Verify Text color on Staff Context Label on error\");",
            "err": {},
            "isRoot": false,
            "uuid": "d92c65d0-10b2-4afb-a44e-439619026f1d",
            "isHook": false,
            "skipped": false
          },
          {
            "title": "Verify Text color Terms and Conditions label on error",
            "fullTitle": "View My Review for product dialog and write a review Verify Text color Terms and Conditions label on error",
            "timedOut": false,
            "duration": 0,
            "state": "passed",
            "speed": "fast",
            "pass": true,
            "fail": false,
            "pending": false,
            "code": "console.log(\"Code for Verify Text color Terms and Conditions label on error\");",
            "err": {},
            "isRoot": false,
            "uuid": "a2ce762d-1ecb-459e-97ac-1d244ba11b4c",
            "isHook": false,
            "skipped": false
          },
          {
            "title": "Verify invalid email id error message on email field",
            "fullTitle": "View My Review for product dialog and write a review Verify invalid email id error message on email field",
            "timedOut": false,
            "duration": 0,
            "state": "passed",
            "speed": "fast",
            "pass": true,
            "fail": false,
            "pending": false,
            "code": "console.log(\"Code for Verify invalid email id error message on email field\");",
            "err": {},
            "isRoot": false,
            "uuid": "0d1a2bde-5ad1-47d2-88b0-a06142a20291",
            "isHook": false,
            "skipped": false
          },
          {
            "title": "Verify 3 characters too short error message on nickname field",
            "fullTitle": "View My Review for product dialog and write a review Verify 3 characters too short error message on nickname field",
            "timedOut": false,
            "duration": 0,
            "state": "passed",
            "speed": "fast",
            "pass": true,
            "fail": false,
            "pending": false,
            "code": "console.log(\"Code for Verify 3 characters too short error message on nickname field\");",
            "err": {},
            "isRoot": false,
            "uuid": "3a49efe8-9d1a-42d5-b373-28b6097ddc75",
            "isHook": false,
            "skipped": false
          },
          {
            "title": "Enter all mandatory fields on My Review dialog and post review",
            "fullTitle": "View My Review for product dialog and write a review Enter all mandatory fields on My Review dialog and post review",
            "timedOut": false,
            "duration": 15,
            "state": "passed",
            "speed": "fast",
            "pass": true,
            "fail": false,
            "pending": false,
            "code": "console.log(\"Code for Enter all mandatory fields on My Review dialog and post review\");",
            "err": {},
            "isRoot": false,
            "uuid": "3b31fdfa-2aec-41de-ac92-94d9476c0284",
            "isHook": false,
            "skipped": false
          }
        ],
        "suites": [],
        "passes": [
          "da221eb5-7609-4a08-a532-b7754f586366",
          "4d1dec64-9881-4d40-ae5f-2bd2e9c4d8e5",
          "d92c65d0-10b2-4afb-a44e-439619026f1d",
          "a2ce762d-1ecb-459e-97ac-1d244ba11b4c",
          "0d1a2bde-5ad1-47d2-88b0-a06142a20291",
          "3a49efe8-9d1a-42d5-b373-28b6097ddc75",
          "3b31fdfa-2aec-41de-ac92-94d9476c0284"
        ],
        "failures": [],
        "pending": [],
        "skipped": [],
        "duration": 2391,
        "root": false,
        "rootEmpty": false,
        "_timeout": 50000
      },
      {
        "uuid": "4b548131-53bc-42b5-8f11-fbba190b5e9b",
        "title": "Clicking on Add to Cart button, then Successfully updated your cart dialog appears",
        "fullFile": "C:\\All-Data\\workspaces\\javascript_workspace\\walmart-labs\\test\\item-page-test.js",
        "file": "\\test\\item-page-test.js",
        "beforeHooks": [
          {
            "title": "\"before all\" hook: ret",
            "fullTitle": "Clicking on Add to Cart button, then Successfully updated your cart dialog appears \"before all\" hook: ret",
            "timedOut": false,
            "duration": 29744,
            "pass": false,
            "fail": false,
            "pending": false,
            "code": "itemPage = new ItemPage();\n //Launch the website based on the language in the config file\n itemPage.loadPage(itemPage.goToUrl());\n itemPage.enterSearchText();\n itemPage.clickSearch();\n itemPage.clickItem();",
            "err": {},
            "isRoot": false,
            "uuid": "695fc356-abb5-410e-aedf-d44cb46a96b7",
            "isHook": true,
            "skipped": false
          }
        ],
        "afterHooks": [
          {
            "title": "\"after all\" hook: ret",
            "fullTitle": "Clicking on Add to Cart button, then Successfully updated your cart dialog appears \"after all\" hook: ret",
            "timedOut": false,
            "duration": 2000,
            "pass": false,
            "fail": false,
            "pending": false,
            "code": "itemPage.quit();",
            "err": {},
            "isRoot": false,
            "uuid": "45fe2e9b-8c2e-41c9-8350-bc59554e2417",
            "isHook": true,
            "skipped": false
          }
        ],
        "tests": [
          {
            "title": "Verify that the number of items added are shown in the Shopping cart",
            "fullTitle": "Clicking on Add to Cart button, then Successfully updated your cart dialog appears Verify that the number of items added are shown in the Shopping cart",
            "timedOut": false,
            "duration": 2048,
            "state": "passed",
            "speed": "slow",
            "pass": true,
            "fail": false,
            "pending": false,
            "code": "itemPage.clickAddToCartButton();\nitemPage.clickAddToCartCloseButton();\nvar shopping_cart_count = itemPage.getShoppingCartCount();\nshopping_cart_count.should.eventually.equal('1');",
            "err": {},
            "isRoot": false,
            "uuid": "bda049d0-c751-41be-9942-7b08022d3c96",
            "isHook": false,
            "skipped": false
          },
          {
            "title": "Verify that the dialog appears with Checkout and Continue Shopping buttons",
            "fullTitle": "Clicking on Add to Cart button, then Successfully updated your cart dialog appears Verify that the dialog appears with Checkout and Continue Shopping buttons",
            "timedOut": false,
            "duration": 0,
            "state": "passed",
            "speed": "fast",
            "pass": true,
            "fail": false,
            "pending": false,
            "code": "console.log(\"Verify that the dialog appears with Checkout and Continue Shopping buttons\");",
            "err": {},
            "isRoot": false,
            "uuid": "8a241302-a3d8-4975-b9a5-bd3f7fb77ef2",
            "isHook": false,
            "skipped": false
          },
          {
            "title": "Verify that two more suggestions are provided in the dialog",
            "fullTitle": "Clicking on Add to Cart button, then Successfully updated your cart dialog appears Verify that two more suggestions are provided in the dialog",
            "timedOut": false,
            "duration": 0,
            "state": "passed",
            "speed": "fast",
            "pass": true,
            "fail": false,
            "pending": false,
            "code": "console.log(\"Verify that two more suggestions are provided in the dialog\");",
            "err": {},
            "isRoot": false,
            "uuid": "aa24de29-6961-489e-b85f-054a7a3998e3",
            "isHook": false,
            "skipped": false
          },
          {
            "title": "Click on Close button and the dialog closes landing the customer back to the Product page",
            "fullTitle": "Clicking on Add to Cart button, then Successfully updated your cart dialog appears Click on Close button and the dialog closes landing the customer back to the Product page",
            "timedOut": false,
            "duration": 0,
            "state": "passed",
            "speed": "fast",
            "pass": true,
            "fail": false,
            "pending": false,
            "code": "console.log(\"Click on Close button and the dialog closes landing the customer back to the Product page\");",
            "err": {},
            "isRoot": false,
            "uuid": "b70a1c94-7137-4fa0-ab68-62a2c4c9d917",
            "isHook": false,
            "skipped": false
          },
          {
            "title": "Verify that an offer appears on the top of the dialog page",
            "fullTitle": "Clicking on Add to Cart button, then Successfully updated your cart dialog appears Verify that an offer appears on the top of the dialog page",
            "timedOut": false,
            "duration": 0,
            "state": "passed",
            "speed": "fast",
            "pass": true,
            "fail": false,
            "pending": false,
            "code": "console.log(\"e.\tVerify that an offer appears on the top of the dialog page\");",
            "err": {},
            "isRoot": false,
            "uuid": "839c6b36-8659-44a6-83d1-27fc9c1f3c1e",
            "isHook": false,
            "skipped": false
          },
          {
            "title": "Clicking on “Continue Shopping” button lands the customer back to the Product page",
            "fullTitle": "Clicking on Add to Cart button, then Successfully updated your cart dialog appears Clicking on “Continue Shopping” button lands the customer back to the Product page",
            "timedOut": false,
            "duration": 0,
            "state": "passed",
            "speed": "fast",
            "pass": true,
            "fail": false,
            "pending": false,
            "code": "console.log(\"Clicking on “Continue Shopping” button lands the customer back to the Product page\");",
            "err": {},
            "isRoot": false,
            "uuid": "3b9da5a0-b3d4-4f37-ab6a-4dd4883842cf",
            "isHook": false,
            "skipped": false
          },
          {
            "title": "Verify that the number of items added are shown in the Shopping cart",
            "fullTitle": "Clicking on Add to Cart button, then Successfully updated your cart dialog appears Verify that the number of items added are shown in the Shopping cart",
            "timedOut": false,
            "duration": 0,
            "state": "passed",
            "speed": "fast",
            "pass": true,
            "fail": false,
            "pending": false,
            "code": "console.log(\"Verify that the number of items added are shown in the Shopping cart\");",
            "err": {},
            "isRoot": false,
            "uuid": "7b65629f-aed5-4baa-9ae6-a45e13102bbb",
            "isHook": false,
            "skipped": false
          }
        ],
        "suites": [],
        "passes": [
          "bda049d0-c751-41be-9942-7b08022d3c96",
          "8a241302-a3d8-4975-b9a5-bd3f7fb77ef2",
          "aa24de29-6961-489e-b85f-054a7a3998e3",
          "b70a1c94-7137-4fa0-ab68-62a2c4c9d917",
          "839c6b36-8659-44a6-83d1-27fc9c1f3c1e",
          "3b9da5a0-b3d4-4f37-ab6a-4dd4883842cf",
          "7b65629f-aed5-4baa-9ae6-a45e13102bbb"
        ],
        "failures": [],
        "pending": [],
        "skipped": [],
        "duration": 2048,
        "root": false,
        "rootEmpty": false,
        "_timeout": 50000
      }
    ],
    "passes": [],
    "failures": [],
    "pending": [],
    "skipped": [],
    "duration": 0,
    "root": true,
    "rootEmpty": true,
    "_timeout": 2000
  },
  "copyrightYear": 2018
}