{
  "stats": {
    "suites": 3,
    "tests": 17,
    "passes": 16,
    "pending": 0,
    "failures": 1,
    "start": "2018-05-18T03:11:10.942Z",
    "end": "2018-05-18T03:12:55.249Z",
    "duration": 104307,
    "testsRegistered": 17,
    "passPercent": 94.1,
    "pendingPercent": 0,
    "other": 0,
    "hasOther": false,
    "skipped": 0,
    "hasSkipped": false,
    "passPercentClass": "success",
    "pendingPercentClass": "danger"
  },
  "suites": {
    "uuid": "10554eb5-ecbb-4ca1-a89b-4ec2d5884621",
    "title": "",
    "fullFile": "",
    "file": "",
    "beforeHooks": [],
    "afterHooks": [],
    "tests": [],
    "suites": [
      {
        "uuid": "7eef3da1-acc3-4c0f-84c4-dbf140fc3f37",
        "title": "Corresponding images should appear on the slider on the screen",
        "fullFile": "C:\\All-Data\\workspaces\\javascript_workspace\\walmart-labs\\test\\item-page-test.js",
        "file": "\\test\\item-page-test.js",
        "beforeHooks": [
          {
            "title": "\"before all\" hook: ret",
            "fullTitle": "Corresponding images should appear on the slider on the screen \"before all\" hook: ret",
            "timedOut": false,
            "duration": 28705,
            "pass": false,
            "fail": false,
            "pending": false,
            "code": "itemPage = new ItemPage();\n \n //Launch the website based on the language in the config file\n itemPage.loadPage(itemPage.goToUrl());\n itemPage.enterSearchText();\n itemPage.clickSearch();\n itemPage.clickItem();",
            "err": {},
            "isRoot": false,
            "uuid": "0c15455f-f5fc-4bba-a0aa-49939620a88c",
            "isHook": true,
            "skipped": false
          }
        ],
        "afterHooks": [
          {
            "title": "\"after all\" hook: ret",
            "fullTitle": "Corresponding images should appear on the slider on the screen \"after all\" hook: ret",
            "timedOut": false,
            "duration": 2062,
            "pass": false,
            "fail": false,
            "pending": false,
            "code": "itemPage.quit();",
            "err": {},
            "isRoot": false,
            "uuid": "b5c68c05-fd95-4dd7-9302-7ba23f284742",
            "isHook": true,
            "skipped": false
          }
        ],
        "tests": [
          {
            "title": "Click each image in the carousel and verify them on the slider",
            "fullTitle": "Corresponding images should appear on the slider on the screen Click each image in the carousel and verify them on the slider",
            "timedOut": false,
            "duration": 0,
            "state": "passed",
            "speed": "fast",
            "pass": true,
            "fail": false,
            "pending": false,
            "code": "console.log('Click each image in the carousel and verify them on the slider');",
            "err": {},
            "isRoot": false,
            "uuid": "3fdc4717-7dfe-4dbc-b389-c5b25e695afa",
            "isHook": false,
            "skipped": false
          },
          {
            "title": "Click on the up and down arrow and verify all the images are viewed one by one",
            "fullTitle": "Corresponding images should appear on the slider on the screen Click on the up and down arrow and verify all the images are viewed one by one",
            "timedOut": false,
            "duration": 0,
            "state": "passed",
            "speed": "fast",
            "pass": true,
            "fail": false,
            "pending": false,
            "code": "console.log('Click on the up and down arrow and verify all the images are viewed one by one');",
            "err": {},
            "isRoot": false,
            "uuid": "49ba8d9d-7763-4c3d-b2b7-5358dd53c315",
            "isHook": false,
            "skipped": false
          },
          {
            "title": "Verify Zoom  button",
            "fullTitle": "Corresponding images should appear on the slider on the screen Verify Zoom  button",
            "timedOut": false,
            "duration": 7674,
            "state": "passed",
            "speed": "slow",
            "pass": true,
            "fail": false,
            "pending": false,
            "code": "itemPage.clickZoomButton();\nfor(i=0; i<5; i++){\n    itemPage.clickZoomNextButton();\n    itemPage.pause(1000);\n}",
            "err": {},
            "isRoot": false,
            "uuid": "800656d4-1b9d-4aa8-b7bc-cb6cdc00b9a2",
            "isHook": false,
            "skipped": false
          }
        ],
        "suites": [],
        "passes": [
          "3fdc4717-7dfe-4dbc-b389-c5b25e695afa",
          "49ba8d9d-7763-4c3d-b2b7-5358dd53c315",
          "800656d4-1b9d-4aa8-b7bc-cb6cdc00b9a2"
        ],
        "failures": [],
        "pending": [],
        "skipped": [],
        "duration": 7674,
        "root": false,
        "rootEmpty": false,
        "_timeout": 50000
      },
      {
        "uuid": "0730464a-896b-42ff-8865-45e73407cfdf",
        "title": "View My Review for product dialog and write a review",
        "fullFile": "C:\\All-Data\\workspaces\\javascript_workspace\\walmart-labs\\test\\item-page-test.js",
        "file": "\\test\\item-page-test.js",
        "beforeHooks": [
          {
            "title": "\"before all\" hook: ret",
            "fullTitle": "View My Review for product dialog and write a review \"before all\" hook: ret",
            "timedOut": false,
            "duration": 29015,
            "pass": false,
            "fail": false,
            "pending": false,
            "code": "itemPage = new ItemPage();\n //Launch the website based on the language in the config file\n itemPage.loadPage(itemPage.goToUrl());\n itemPage.enterSearchText();\n itemPage.clickSearch();\n itemPage.clickItem();",
            "err": {},
            "isRoot": false,
            "uuid": "b2c4c4af-843b-40ed-8240-2cf68aa8b005",
            "isHook": true,
            "skipped": false
          }
        ],
        "afterHooks": [
          {
            "title": "\"after all\" hook: ret",
            "fullTitle": "View My Review for product dialog and write a review \"after all\" hook: ret",
            "timedOut": false,
            "duration": 2220,
            "pass": false,
            "fail": false,
            "pending": false,
            "code": "itemPage.quit();",
            "err": {},
            "isRoot": false,
            "uuid": "4792c31d-7170-4e3d-8306-f1159b004740",
            "isHook": true,
            "skipped": false
          }
        ],
        "tests": [
          {
            "title": "Verify Error Message on Nickname field",
            "fullTitle": "View My Review for product dialog and write a review Verify Error Message on Nickname field",
            "timedOut": false,
            "duration": 2720,
            "state": "failed",
            "pass": false,
            "fail": true,
            "pending": false,
            "code": "itemPage.clickWriteReviewButton();\nitemPage.clickPostReviewButton();\nvar error_actual = itemPage.getNicknameErrorActual();\nvar error_expected = itemPage.getNicknameErrorExpected();\nerror_actual.should.eventually.equal(error_expected);",
            "err": {
              "message": "AssertionError: expected 'Obligatoire' to equal 'Required'",
              "estack": "AssertionError: expected 'Obligatoire' to equal 'Required'\n    at getBasePromise.then.then.newArgs (node_modules\\chai-as-promised\\lib\\chai-as-promised.js:302:22)\n    at ManagedPromise.invokeCallback_ (node_modules\\selenium-webdriver\\lib\\promise.js:1376:14)\n    at TaskQueue.execute_ (node_modules\\selenium-webdriver\\lib\\promise.js:3084:14)\n    at TaskQueue.executeNext_ (node_modules\\selenium-webdriver\\lib\\promise.js:3067:27)\n    at asyncRun (node_modules\\selenium-webdriver\\lib\\promise.js:2927:27)\n    at C:\\All-Data\\workspaces\\javascript_workspace\\walmart-labs\\node_modules\\selenium-webdriver\\lib\\promise.js:668:7\n    at <anonymous>\n    at process._tickCallback (internal/process/next_tick.js:188:7)\nFrom: Task: View My Review for product dialog and write a review Verify Error Message on Nickname field\n    at Context.ret (node_modules\\selenium-webdriver\\testing\\index.js:182:10)",
              "diff": "- Obligatoire\n+ Required\n"
            },
            "isRoot": false,
            "uuid": "c5994066-62cf-4a14-8bb0-4488777525de",
            "isHook": false,
            "skipped": false
          },
          {
            "title": "Verify Error Message on Email field",
            "fullTitle": "View My Review for product dialog and write a review Verify Error Message on Email field",
            "timedOut": false,
            "duration": 0,
            "state": "passed",
            "speed": "fast",
            "pass": true,
            "fail": false,
            "pending": false,
            "code": "console.log(\"Code for Verify Error Message on Email field\");",
            "err": {},
            "isRoot": false,
            "uuid": "a336c118-be34-47bc-9b4f-d406c648eabf",
            "isHook": false,
            "skipped": false
          },
          {
            "title": "Verify Text color on Staff Context Label on error",
            "fullTitle": "View My Review for product dialog and write a review Verify Text color on Staff Context Label on error",
            "timedOut": false,
            "duration": 15,
            "state": "passed",
            "speed": "fast",
            "pass": true,
            "fail": false,
            "pending": false,
            "code": "console.log(\"Code for Verify Text color on Staff Context Label on error\");",
            "err": {},
            "isRoot": false,
            "uuid": "26dd4e5e-4cee-4e3c-9207-47e62ed1f44d",
            "isHook": false,
            "skipped": false
          },
          {
            "title": "Verify Text color Terms and Conditions label on error",
            "fullTitle": "View My Review for product dialog and write a review Verify Text color Terms and Conditions label on error",
            "timedOut": false,
            "duration": 0,
            "state": "passed",
            "speed": "fast",
            "pass": true,
            "fail": false,
            "pending": false,
            "code": "console.log(\"Code for Verify Text color Terms and Conditions label on error\");",
            "err": {},
            "isRoot": false,
            "uuid": "2f12ce29-7a8a-4a82-985f-ccb9d0c70ae3",
            "isHook": false,
            "skipped": false
          },
          {
            "title": "Verify invalid email id error message on email field",
            "fullTitle": "View My Review for product dialog and write a review Verify invalid email id error message on email field",
            "timedOut": false,
            "duration": 0,
            "state": "passed",
            "speed": "fast",
            "pass": true,
            "fail": false,
            "pending": false,
            "code": "console.log(\"Code for Verify invalid email id error message on email field\");",
            "err": {},
            "isRoot": false,
            "uuid": "4d6cad59-2545-4557-af2b-f2f11697e67d",
            "isHook": false,
            "skipped": false
          },
          {
            "title": "Verify 3 characters too short error message on nickname field",
            "fullTitle": "View My Review for product dialog and write a review Verify 3 characters too short error message on nickname field",
            "timedOut": false,
            "duration": 0,
            "state": "passed",
            "speed": "fast",
            "pass": true,
            "fail": false,
            "pending": false,
            "code": "console.log(\"Code for Verify 3 characters too short error message on nickname field\");",
            "err": {},
            "isRoot": false,
            "uuid": "43bbb35d-dc85-48ff-ac42-738400a86012",
            "isHook": false,
            "skipped": false
          },
          {
            "title": "Enter all mandatory fields on My Review dialog and post review",
            "fullTitle": "View My Review for product dialog and write a review Enter all mandatory fields on My Review dialog and post review",
            "timedOut": false,
            "duration": 0,
            "state": "passed",
            "speed": "fast",
            "pass": true,
            "fail": false,
            "pending": false,
            "code": "console.log(\"Code for Enter all mandatory fields on My Review dialog and post review\");",
            "err": {},
            "isRoot": false,
            "uuid": "800498d4-93d4-40f4-8515-b375c0d213a8",
            "isHook": false,
            "skipped": false
          }
        ],
        "suites": [],
        "passes": [
          "a336c118-be34-47bc-9b4f-d406c648eabf",
          "26dd4e5e-4cee-4e3c-9207-47e62ed1f44d",
          "2f12ce29-7a8a-4a82-985f-ccb9d0c70ae3",
          "4d6cad59-2545-4557-af2b-f2f11697e67d",
          "43bbb35d-dc85-48ff-ac42-738400a86012",
          "800498d4-93d4-40f4-8515-b375c0d213a8"
        ],
        "failures": [
          "c5994066-62cf-4a14-8bb0-4488777525de"
        ],
        "pending": [],
        "skipped": [],
        "duration": 2735,
        "root": false,
        "rootEmpty": false,
        "_timeout": 50000
      },
      {
        "uuid": "ee701f05-20e2-4bc8-a6c6-11f77487ad3b",
        "title": "Clicking on Add to Cart button, then Successfully updated your cart dialog appears",
        "fullFile": "C:\\All-Data\\workspaces\\javascript_workspace\\walmart-labs\\test\\item-page-test.js",
        "file": "\\test\\item-page-test.js",
        "beforeHooks": [
          {
            "title": "\"before all\" hook: ret",
            "fullTitle": "Clicking on Add to Cart button, then Successfully updated your cart dialog appears \"before all\" hook: ret",
            "timedOut": false,
            "duration": 27393,
            "pass": false,
            "fail": false,
            "pending": false,
            "code": "itemPage = new ItemPage();\n //Launch the website based on the language in the config file\n itemPage.loadPage(itemPage.goToUrl());\n itemPage.enterSearchText();\n itemPage.clickSearch();\n itemPage.clickItem();",
            "err": {},
            "isRoot": false,
            "uuid": "b12ca6ab-9017-4e1a-9620-34dcf95ee282",
            "isHook": true,
            "skipped": false
          }
        ],
        "afterHooks": [
          {
            "title": "\"after all\" hook: ret",
            "fullTitle": "Clicking on Add to Cart button, then Successfully updated your cart dialog appears \"after all\" hook: ret",
            "timedOut": false,
            "duration": 2176,
            "pass": false,
            "fail": false,
            "pending": false,
            "code": "itemPage.quit();",
            "err": {},
            "isRoot": false,
            "uuid": "b81b7404-b44c-4719-a847-d90c131134e8",
            "isHook": true,
            "skipped": false
          }
        ],
        "tests": [
          {
            "title": "Verify that the number of items added are shown in the Shopping cart",
            "fullTitle": "Clicking on Add to Cart button, then Successfully updated your cart dialog appears Verify that the number of items added are shown in the Shopping cart",
            "timedOut": false,
            "duration": 2297,
            "state": "passed",
            "speed": "slow",
            "pass": true,
            "fail": false,
            "pending": false,
            "code": "itemPage.clickAddToCartButton();\nitemPage.clickAddToCartCloseButton();\nvar shopping_cart_count = itemPage.getShoppingCartCount();\nshopping_cart_count.should.eventually.equal('1');",
            "err": {},
            "isRoot": false,
            "uuid": "05ddaa69-2569-46ac-b9b6-6c0db2d7d2ee",
            "isHook": false,
            "skipped": false
          },
          {
            "title": "Verify that the dialog appears with Checkout and Continue Shopping buttons",
            "fullTitle": "Clicking on Add to Cart button, then Successfully updated your cart dialog appears Verify that the dialog appears with Checkout and Continue Shopping buttons",
            "timedOut": false,
            "duration": 0,
            "state": "passed",
            "speed": "fast",
            "pass": true,
            "fail": false,
            "pending": false,
            "code": "console.log(\"Verify that the dialog appears with Checkout and Continue Shopping buttons\");",
            "err": {},
            "isRoot": false,
            "uuid": "7af47bcd-ed99-4871-976f-35d87ce2566f",
            "isHook": false,
            "skipped": false
          },
          {
            "title": "Verify that two more suggestions are provided in the dialog",
            "fullTitle": "Clicking on Add to Cart button, then Successfully updated your cart dialog appears Verify that two more suggestions are provided in the dialog",
            "timedOut": false,
            "duration": 0,
            "state": "passed",
            "speed": "fast",
            "pass": true,
            "fail": false,
            "pending": false,
            "code": "console.log(\"Verify that two more suggestions are provided in the dialog\");",
            "err": {},
            "isRoot": false,
            "uuid": "e68ed16c-6fe6-4dad-95b1-13522e7723dc",
            "isHook": false,
            "skipped": false
          },
          {
            "title": "Click on Close button and the dialog closes landing the customer back to the Product page",
            "fullTitle": "Clicking on Add to Cart button, then Successfully updated your cart dialog appears Click on Close button and the dialog closes landing the customer back to the Product page",
            "timedOut": false,
            "duration": 0,
            "state": "passed",
            "speed": "fast",
            "pass": true,
            "fail": false,
            "pending": false,
            "code": "console.log(\"Click on Close button and the dialog closes landing the customer back to the Product page\");",
            "err": {},
            "isRoot": false,
            "uuid": "d34fa184-80a3-405a-9fca-3105d5a3cfb0",
            "isHook": false,
            "skipped": false
          },
          {
            "title": "Verify that an offer appears on the top of the dialog page",
            "fullTitle": "Clicking on Add to Cart button, then Successfully updated your cart dialog appears Verify that an offer appears on the top of the dialog page",
            "timedOut": false,
            "duration": 0,
            "state": "passed",
            "speed": "fast",
            "pass": true,
            "fail": false,
            "pending": false,
            "code": "console.log(\"e.\tVerify that an offer appears on the top of the dialog page\");",
            "err": {},
            "isRoot": false,
            "uuid": "7d80ab62-fe2c-4f07-bb6d-fa2af838a443",
            "isHook": false,
            "skipped": false
          },
          {
            "title": "Clicking on “Continue Shopping” button lands the customer back to the Product page",
            "fullTitle": "Clicking on Add to Cart button, then Successfully updated your cart dialog appears Clicking on “Continue Shopping” button lands the customer back to the Product page",
            "timedOut": false,
            "duration": 0,
            "state": "passed",
            "speed": "fast",
            "pass": true,
            "fail": false,
            "pending": false,
            "code": "console.log(\"Clicking on “Continue Shopping” button lands the customer back to the Product page\");",
            "err": {},
            "isRoot": false,
            "uuid": "1e620aac-5f55-4a4c-9511-5a8d42c2f73e",
            "isHook": false,
            "skipped": false
          },
          {
            "title": "Verify that the number of items added are shown in the Shopping cart",
            "fullTitle": "Clicking on Add to Cart button, then Successfully updated your cart dialog appears Verify that the number of items added are shown in the Shopping cart",
            "timedOut": false,
            "duration": 0,
            "state": "passed",
            "speed": "fast",
            "pass": true,
            "fail": false,
            "pending": false,
            "code": "console.log(\"Verify that the number of items added are shown in the Shopping cart\");",
            "err": {},
            "isRoot": false,
            "uuid": "32fcfe77-fd9b-4200-9c85-3db1bcb654be",
            "isHook": false,
            "skipped": false
          }
        ],
        "suites": [],
        "passes": [
          "05ddaa69-2569-46ac-b9b6-6c0db2d7d2ee",
          "7af47bcd-ed99-4871-976f-35d87ce2566f",
          "e68ed16c-6fe6-4dad-95b1-13522e7723dc",
          "d34fa184-80a3-405a-9fca-3105d5a3cfb0",
          "7d80ab62-fe2c-4f07-bb6d-fa2af838a443",
          "1e620aac-5f55-4a4c-9511-5a8d42c2f73e",
          "32fcfe77-fd9b-4200-9c85-3db1bcb654be"
        ],
        "failures": [],
        "pending": [],
        "skipped": [],
        "duration": 2297,
        "root": false,
        "rootEmpty": false,
        "_timeout": 50000
      }
    ],
    "passes": [],
    "failures": [],
    "pending": [],
    "skipped": [],
    "duration": 0,
    "root": true,
    "rootEmpty": true,
    "_timeout": 2000
  },
  "copyrightYear": 2018
}